## Review: Issue #44 — Slang Translator Component Migration

**Result: PASSED**

### Acceptance Criteria Verification

| Criteria | Status |
|---|---|
| Translator input/output uses `@repo/ui` Input, Card | **Met** — `slang-app.tsx` uses `Input`, `Card`, `CardContent`, `Textarea` from `@repo/ui` |
| Bi-directional display uses shared components | **Met** — Translator tab uses `@repo/ui` `Textarea`, `Button`; Compare tab uses shared layout |
| All buttons use `@repo/ui` Button | **Met** — Every button across all components imports `Button` from `@repo/ui` |
| `pnpm build` passes | **Met** — Build succeeds (cached) |

### Components Migrated

- **`slang-app.tsx`** (old translator): `Tabs`, `TabsList`, `TabsTrigger`, `TabsContent`, `Input`, `Badge`, `Button`, `Card`, `CardContent`, `Textarea`, `Dialog`, `DialogContent`, `DialogTitle`
- **`about/page.tsx`**: `Card`, `CardContent`, `Button`
- **`generation-card.tsx`**: `Card`, `CardHeader`, `CardContent`, `Badge`
- **`slang-dictionary.tsx`**: `Input`, `Badge`, `Card`, `CardContent`, `PillList`
- **`slang-translator.tsx`**: `Button`, `Textarea`
- **`slang-quiz.tsx`**: `Button`, `Card`, `CardContent`, `Badge`
- **`layout.tsx`**: `Topbar`, `AppNav`
- **`page.tsx`**: `Card`, `CardContent`, `Timeline`

### Security

Both `dangerouslySetInnerHTML` usages in translators properly escape user input (`&`, `<`, `>`, `"`) before inserting static replacement values from data maps — no XSS risk.

### Tests & Build

- **116 tests pass** (12 test files, 0 failures)
- **Build succeeds**